%!Adobe-FontList 1.19
%Locale:0x409

%BeginFont
Handler:DirectoryHandler
FontType:TrueType
FontName:Raleway-Black
FamilyName:Raleway
StyleName:Black
MenuName:Raleway Black
StyleBits:0
WeightClass:900
WidthClass:5
AngleClass:0
FullName:Raleway Black
WritingScript:Roman
OutlineFileName:\Raleway-Black.ttf
DataFormat:sfntData
hasSVG:no
VariableFontType:NonVariableFont
FileLength:180592
FileModTime:1520260364
NameArray:0,Mac,4,Raleway Black
NameArray:0,Win,1,Raleway Black
NameArray:0,Win,16,Raleway
%EndFont

%BeginFont
Handler:DirectoryHandler
FontType:TrueType
FontName:Raleway-Light
FamilyName:Raleway
StyleName:Light
MenuName:Raleway Light
StyleBits:0
WeightClass:300
WidthClass:5
AngleClass:0
FullName:Raleway Light
WritingScript:Roman
OutlineFileName:\Raleway-Light.ttf
DataFormat:sfntData
hasSVG:no
VariableFontType:NonVariableFont
FileLength:182376
FileModTime:1520260364
NameArray:0,Mac,4,Raleway Light
NameArray:0,Win,1,Raleway Light
NameArray:0,Win,16,Raleway
%EndFont

